2025-04-24T10:16:54.706+05:30  INFO 7352 --- [ProductCrudOperationsUsingSpringJpa] [main] OperationsUsingSpringJpaApplicationTests : Starting ProductCrudOperationsUsingSpringJpaApplicationTests using Java 21.0.6 with PID 7352 (started by 2401270 in C:\Users\2401270\git\repository\ProductCrudOperationsUsingSpringDataJpaRest)
2025-04-24T10:16:54.719+05:30  INFO 7352 --- [ProductCrudOperationsUsingSpringJpa] [main] OperationsUsingSpringJpaApplicationTests : No active profile set, falling back to 1 default profile: "default"
2025-04-24T10:16:56.979+05:30  INFO 7352 --- [ProductCrudOperationsUsingSpringJpa] [main] .s.d.r.c.RepositoryConfigurationDelegate : Bootstrapping Spring Data JPA repositories in DEFAULT mode.
2025-04-24T10:16:57.059+05:30  INFO 7352 --- [ProductCrudOperationsUsingSpringJpa] [main] .s.d.r.c.RepositoryConfigurationDelegate : Finished Spring Data repository scanning in 64 ms. Found 1 JPA repository interface.
2025-04-24T10:16:58.650+05:30  INFO 7352 --- [ProductCrudOperationsUsingSpringJpa] [main] o.hibernate.jpa.internal.util.LogHelper  : HHH000204: Processing PersistenceUnitInfo [name: default]
2025-04-24T10:16:58.798+05:30  INFO 7352 --- [ProductCrudOperationsUsingSpringJpa] [main] org.hibernate.Version                    : HHH000412: Hibernate ORM core version 6.6.11.Final
2025-04-24T10:16:58.864+05:30  INFO 7352 --- [ProductCrudOperationsUsingSpringJpa] [main] o.h.c.internal.RegionFactoryInitiator    : HHH000026: Second-level cache disabled
2025-04-24T10:17:00.199+05:30  INFO 7352 --- [ProductCrudOperationsUsingSpringJpa] [main] o.s.o.j.p.SpringPersistenceUnitInfo      : No LoadTimeWeaver setup: ignoring JPA class transformer
2025-04-24T10:17:00.246+05:30  INFO 7352 --- [ProductCrudOperationsUsingSpringJpa] [main] com.zaxxer.hikari.HikariDataSource       : HikariPool-1 - Starting...
2025-04-24T10:17:00.939+05:30  INFO 7352 --- [ProductCrudOperationsUsingSpringJpa] [main] com.zaxxer.hikari.pool.HikariPool        : HikariPool-1 - Added connection com.mysql.cj.jdbc.ConnectionImpl@c2e33
2025-04-24T10:17:00.943+05:30  INFO 7352 --- [ProductCrudOperationsUsingSpringJpa] [main] com.zaxxer.hikari.HikariDataSource       : HikariPool-1 - Start completed.
2025-04-24T10:17:01.110+05:30  WARN 7352 --- [ProductCrudOperationsUsingSpringJpa] [main] org.hibernate.orm.deprecation            : HHH90000025: MySQLDialect does not need to be specified explicitly using 'hibernate.dialect' (remove the property setting and it will be selected by default)
2025-04-24T10:17:01.149+05:30  INFO 7352 --- [ProductCrudOperationsUsingSpringJpa] [main] org.hibernate.orm.connections.pooling    : HHH10001005: Database info:
	Database JDBC URL [Connecting through datasource 'HikariDataSource (HikariPool-1)']
	Database driver: undefined/unknown
	Database version: 8.0.41
	Autocommit mode: undefined/unknown
	Isolation level: undefined/unknown
	Minimum pool size: undefined/unknown
	Maximum pool size: undefined/unknown
2025-04-24T10:17:02.263+05:30  INFO 7352 --- [ProductCrudOperationsUsingSpringJpa] [main] o.h.e.t.j.p.i.JtaPlatformInitiator       : HHH000489: No JTA platform available (set 'hibernate.transaction.jta.platform' to enable JTA platform integration)
2025-04-24T10:17:02.325+05:30  INFO 7352 --- [ProductCrudOperationsUsingSpringJpa] [main] j.LocalContainerEntityManagerFactoryBean : Initialized JPA EntityManagerFactory for persistence unit 'default'
2025-04-24T10:17:03.473+05:30  WARN 7352 --- [ProductCrudOperationsUsingSpringJpa] [main] JpaBaseConfiguration$JpaWebConfiguration : spring.jpa.open-in-view is enabled by default. Therefore, database queries may be performed during view rendering. Explicitly configure spring.jpa.open-in-view to disable this warning
2025-04-24T10:17:05.354+05:30  INFO 7352 --- [ProductCrudOperationsUsingSpringJpa] [main] o.s.b.a.e.web.EndpointLinksResolver      : Exposing 15 endpoints beneath base path '/actuator'
2025-04-24T10:17:05.537+05:30  INFO 7352 --- [ProductCrudOperationsUsingSpringJpa] [main] OperationsUsingSpringJpaApplicationTests : Started ProductCrudOperationsUsingSpringJpaApplicationTests in 11.488 seconds (process running for 13.78)
2025-04-24T10:17:14.038+05:30  WARN 7352 --- [ProductCrudOperationsUsingSpringJpa] [main] com.cts.service.ProductServiceImpl       : In ProductServiceImpl saveproduct method.........
2025-04-24T10:17:14.169+05:30  INFO 7352 --- [ProductCrudOperationsUsingSpringJpa] [SpringApplicationShutdownHook] j.LocalContainerEntityManagerFactoryBean : Closing JPA EntityManagerFactory for persistence unit 'default'
2025-04-24T10:17:14.173+05:30  INFO 7352 --- [ProductCrudOperationsUsingSpringJpa] [SpringApplicationShutdownHook] com.zaxxer.hikari.HikariDataSource       : HikariPool-1 - Shutdown initiated...
2025-04-24T10:17:14.193+05:30  INFO 7352 --- [ProductCrudOperationsUsingSpringJpa] [SpringApplicationShutdownHook] com.zaxxer.hikari.HikariDataSource       : HikariPool-1 - Shutdown completed.
2025-04-24T13:54:16.130+05:30  INFO 17260 --- [ProductCrudOperationsUsingSpringJpa] [restartedMain] tCrudOperationsUsingSpringJpaApplication : Starting ProductCrudOperationsUsingSpringJpaApplication using Java 21.0.6 with PID 17260 (C:\Users\2401270\git\repository\ProductCrudOperationsUsingSpringDataJpaRest\target\classes started by 2401270 in C:\Users\2401270\git\repository\ProductCrudOperationsUsingSpringDataJpaRest)
2025-04-24T13:54:16.133+05:30  INFO 17260 --- [ProductCrudOperationsUsingSpringJpa] [restartedMain] tCrudOperationsUsingSpringJpaApplication : No active profile set, falling back to 1 default profile: "default"
2025-04-24T13:54:16.236+05:30  INFO 17260 --- [ProductCrudOperationsUsingSpringJpa] [restartedMain] .e.DevToolsPropertyDefaultsPostProcessor : Devtools property defaults active! Set 'spring.devtools.add-properties' to 'false' to disable
2025-04-24T13:54:16.236+05:30  INFO 17260 --- [ProductCrudOperationsUsingSpringJpa] [restartedMain] .e.DevToolsPropertyDefaultsPostProcessor : For additional web related logging consider setting the 'logging.level.web' property to 'DEBUG'
2025-04-24T13:54:18.044+05:30  INFO 17260 --- [ProductCrudOperationsUsingSpringJpa] [restartedMain] .s.d.r.c.RepositoryConfigurationDelegate : Bootstrapping Spring Data JPA repositories in DEFAULT mode.
2025-04-24T13:54:18.143+05:30  INFO 17260 --- [ProductCrudOperationsUsingSpringJpa] [restartedMain] .s.d.r.c.RepositoryConfigurationDelegate : Finished Spring Data repository scanning in 72 ms. Found 1 JPA repository interface.
2025-04-24T13:54:19.273+05:30  INFO 17260 --- [ProductCrudOperationsUsingSpringJpa] [restartedMain] o.s.b.w.embedded.tomcat.TomcatWebServer  : Tomcat initialized with port 8080 (http)
2025-04-24T13:54:19.296+05:30  INFO 17260 --- [ProductCrudOperationsUsingSpringJpa] [restartedMain] o.apache.catalina.core.StandardService   : Starting service [Tomcat]
2025-04-24T13:54:19.297+05:30  INFO 17260 --- [ProductCrudOperationsUsingSpringJpa] [restartedMain] o.apache.catalina.core.StandardEngine    : Starting Servlet engine: [Apache Tomcat/10.1.39]
2025-04-24T13:54:19.386+05:30  INFO 17260 --- [ProductCrudOperationsUsingSpringJpa] [restartedMain] o.a.c.c.C.[Tomcat].[localhost].[/]       : Initializing Spring embedded WebApplicationContext
2025-04-24T13:54:19.386+05:30  INFO 17260 --- [ProductCrudOperationsUsingSpringJpa] [restartedMain] w.s.c.ServletWebServerApplicationContext : Root WebApplicationContext: initialization completed in 3149 ms
2025-04-24T13:54:19.859+05:30  INFO 17260 --- [ProductCrudOperationsUsingSpringJpa] [restartedMain] o.hibernate.jpa.internal.util.LogHelper  : HHH000204: Processing PersistenceUnitInfo [name: default]
2025-04-24T13:54:20.003+05:30  INFO 17260 --- [ProductCrudOperationsUsingSpringJpa] [restartedMain] org.hibernate.Version                    : HHH000412: Hibernate ORM core version 6.6.11.Final
2025-04-24T13:54:20.076+05:30  INFO 17260 --- [ProductCrudOperationsUsingSpringJpa] [restartedMain] o.h.c.internal.RegionFactoryInitiator    : HHH000026: Second-level cache disabled
2025-04-24T13:54:20.594+05:30  INFO 17260 --- [ProductCrudOperationsUsingSpringJpa] [restartedMain] o.s.o.j.p.SpringPersistenceUnitInfo      : No LoadTimeWeaver setup: ignoring JPA class transformer
2025-04-24T13:54:20.649+05:30  INFO 17260 --- [ProductCrudOperationsUsingSpringJpa] [restartedMain] com.zaxxer.hikari.HikariDataSource       : HikariPool-1 - Starting...
2025-04-24T13:54:21.217+05:30  INFO 17260 --- [ProductCrudOperationsUsingSpringJpa] [restartedMain] com.zaxxer.hikari.pool.HikariPool        : HikariPool-1 - Added connection com.mysql.cj.jdbc.ConnectionImpl@3aae45a2
2025-04-24T13:54:21.221+05:30  INFO 17260 --- [ProductCrudOperationsUsingSpringJpa] [restartedMain] com.zaxxer.hikari.HikariDataSource       : HikariPool-1 - Start completed.
2025-04-24T13:54:21.306+05:30  WARN 17260 --- [ProductCrudOperationsUsingSpringJpa] [restartedMain] org.hibernate.orm.deprecation            : HHH90000025: MySQLDialect does not need to be specified explicitly using 'hibernate.dialect' (remove the property setting and it will be selected by default)
2025-04-24T13:54:21.344+05:30  INFO 17260 --- [ProductCrudOperationsUsingSpringJpa] [restartedMain] org.hibernate.orm.connections.pooling    : HHH10001005: Database info:
	Database JDBC URL [Connecting through datasource 'HikariDataSource (HikariPool-1)']
	Database driver: undefined/unknown
	Database version: 8.0.41
	Autocommit mode: undefined/unknown
	Isolation level: undefined/unknown
	Minimum pool size: undefined/unknown
	Maximum pool size: undefined/unknown
2025-04-24T13:54:22.689+05:30  INFO 17260 --- [ProductCrudOperationsUsingSpringJpa] [restartedMain] o.h.e.t.j.p.i.JtaPlatformInitiator       : HHH000489: No JTA platform available (set 'hibernate.transaction.jta.platform' to enable JTA platform integration)
2025-04-24T13:54:22.767+05:30  INFO 17260 --- [ProductCrudOperationsUsingSpringJpa] [restartedMain] j.LocalContainerEntityManagerFactoryBean : Initialized JPA EntityManagerFactory for persistence unit 'default'
2025-04-24T13:54:23.485+05:30  WARN 17260 --- [ProductCrudOperationsUsingSpringJpa] [restartedMain] JpaBaseConfiguration$JpaWebConfiguration : spring.jpa.open-in-view is enabled by default. Therefore, database queries may be performed during view rendering. Explicitly configure spring.jpa.open-in-view to disable this warning
2025-04-24T13:54:24.451+05:30  INFO 17260 --- [ProductCrudOperationsUsingSpringJpa] [restartedMain] o.s.b.a.h2.H2ConsoleAutoConfiguration    : H2 console available at '/h2-console'. Database available at 'jdbc:mysql://localhost:3306/cts'
2025-04-24T13:54:24.525+05:30  INFO 17260 --- [ProductCrudOperationsUsingSpringJpa] [restartedMain] o.s.b.d.a.OptionalLiveReloadServer       : LiveReload server is running on port 35729
2025-04-24T13:54:24.545+05:30  INFO 17260 --- [ProductCrudOperationsUsingSpringJpa] [restartedMain] o.s.b.a.e.web.EndpointLinksResolver      : Exposing 15 endpoints beneath base path '/actuator'
2025-04-24T13:54:24.685+05:30  INFO 17260 --- [ProductCrudOperationsUsingSpringJpa] [restartedMain] o.s.b.w.embedded.tomcat.TomcatWebServer  : Tomcat started on port 8080 (http) with context path '/'
2025-04-24T13:54:24.712+05:30  INFO 17260 --- [ProductCrudOperationsUsingSpringJpa] [restartedMain] tCrudOperationsUsingSpringJpaApplication : Started ProductCrudOperationsUsingSpringJpaApplication in 9.309 seconds (process running for 11.624)
2025-04-24T13:54:25.710+05:30  INFO 17260 --- [ProductCrudOperationsUsingSpringJpa] [RMI TCP Connection(4)-127.0.0.1] o.a.c.c.C.[Tomcat].[localhost].[/]       : Initializing Spring DispatcherServlet 'dispatcherServlet'
2025-04-24T13:54:25.710+05:30  INFO 17260 --- [ProductCrudOperationsUsingSpringJpa] [RMI TCP Connection(4)-127.0.0.1] o.s.web.servlet.DispatcherServlet        : Initializing Servlet 'dispatcherServlet'
2025-04-24T13:54:25.713+05:30  INFO 17260 --- [ProductCrudOperationsUsingSpringJpa] [RMI TCP Connection(4)-127.0.0.1] o.s.web.servlet.DispatcherServlet        : Completed initialization in 2 ms
2025-04-24T13:59:01.874+05:30  WARN 17260 --- [ProductCrudOperationsUsingSpringJpa] [http-nio-8080-exec-3] com.cts.service.ProductServiceImpl       : In ProductServiceImpl saveproduct method.........
2025-04-24T14:14:21.804+05:30  INFO 17260 --- [ProductCrudOperationsUsingSpringJpa] [RMI TCP Connection(30)-127.0.0.1] inMXBeanRegistrar$SpringApplicationAdmin : Application shutdown requested.
2025-04-24T14:14:21.817+05:30  INFO 17260 --- [ProductCrudOperationsUsingSpringJpa] [RMI TCP Connection(30)-127.0.0.1] o.s.b.w.e.tomcat.GracefulShutdown        : Commencing graceful shutdown. Waiting for active requests to complete
2025-04-24T14:14:51.853+05:30  INFO 17260 --- [ProductCrudOperationsUsingSpringJpa] [RMI TCP Connection(30)-127.0.0.1] o.s.c.support.DefaultLifecycleProcessor  : Shutdown phase 2147482623 ends with 1 bean still running after timeout of 30000ms: [webServerGracefulShutdown]
2025-04-24T14:14:51.881+05:30  INFO 17260 --- [ProductCrudOperationsUsingSpringJpa] [tomcat-shutdown] o.s.b.w.e.tomcat.GracefulShutdown        : Graceful shutdown aborted with one or more requests still active
2025-04-24T14:14:56.861+05:30  WARN 17260 --- [ProductCrudOperationsUsingSpringJpa] [RMI TCP Connection(30)-127.0.0.1] org.apache.tomcat.util.net.NioEndpoint   : The executor associated with thread pool [http-nio-8080] has not fully shutdown. Some application threads may still be running.
2025-04-24T14:14:56.874+05:30  INFO 17260 --- [ProductCrudOperationsUsingSpringJpa] [RMI TCP Connection(30)-127.0.0.1] j.LocalContainerEntityManagerFactoryBean : Closing JPA EntityManagerFactory for persistence unit 'default'
2025-04-24T14:14:56.882+05:30  INFO 17260 --- [ProductCrudOperationsUsingSpringJpa] [RMI TCP Connection(30)-127.0.0.1] com.zaxxer.hikari.HikariDataSource       : HikariPool-1 - Shutdown initiated...
2025-04-24T14:14:56.903+05:30  INFO 17260 --- [ProductCrudOperationsUsingSpringJpa] [RMI TCP Connection(30)-127.0.0.1] com.zaxxer.hikari.HikariDataSource       : HikariPool-1 - Shutdown completed.
